2022-04-18 10:58:20,974:INFO:PyCaret Supervised Module
2022-04-18 10:58:20,975:INFO:ML Usecase: regression
2022-04-18 10:58:20,976:INFO:version 2.2.2
2022-04-18 10:58:20,976:INFO:Initializing setup()
2022-04-18 10:58:20,976:INFO:setup(target=target, ml_usecase=regression, available_plots={'parameter': 'Hyperparameters', 'residuals': 'Residuals', 'error': 'Prediction Error', 'cooks': 'Cooks Distance', 'rfe': 'Feature Selection', 'learning': 'Learning Curve', 'manifold': 'Manifold Learning', 'vc': 'Validation Curve', 'feature': 'Feature Importance', 'feature_all': 'Feature Importance (All)', 'tree': 'Decision Tree'}, train_size=0.7, test_data=None, preprocess=True, imputation_type=simple, iterative_imputation_iters=5, categorical_features=None, categorical_imputation=constant, categorical_iterative_imputer=lightgbm, ordinal_features=None, high_cardinality_features=None, high_cardinality_method=frequency, numeric_features=None, numeric_imputation=mean, numeric_iterative_imputer=lightgbm, date_features=None, ignore_features=None, normalize=False, normalize_method=zscore, transformation=False, transformation_method=yeo-johnson, handle_unknown_categorical=True, unknown_categorical_method=least_frequent, pca=False, pca_method=linear, pca_components=None, ignore_low_variance=False, combine_rare_levels=False, rare_level_threshold=0.1, bin_numeric_features=None, remove_outliers=False, outliers_threshold=0.05, remove_multicollinearity=False, multicollinearity_threshold=0.9, remove_perfect_collinearity=True, create_clusters=False, cluster_iter=20, polynomial_features=False, polynomial_degree=2, trigonometry_features=False, polynomial_threshold=0.1, group_features=None, group_names=None, feature_selection=False, feature_selection_threshold=0.8, feature_selection_method=classic, feature_interaction=False, feature_ratio=False, interaction_threshold=0.01, fix_imbalance=False, fix_imbalance_method=None, transform_target=False, transform_target_method=box-cox, data_split_shuffle=True, data_split_stratify=False, fold_strategy=kfold, fold=10, fold_shuffle=True, fold_groups=None, n_jobs=-1, use_gpu=False, custom_pipeline=None, html=True, session_id=2, log_experiment=False, experiment_name=None, log_plots=False, log_profile=False, log_data=False, silent=False, verbose=True, profile=False, profile_kwargs=None, display=None)
2022-04-18 10:58:21,007:INFO:Checking environment
2022-04-18 10:58:21,008:INFO:python_version: 3.9.7
2022-04-18 10:58:21,008:INFO:python_build: ('default', 'Sep 16 2021 16:59:28')
2022-04-18 10:58:21,008:INFO:machine: AMD64
2022-04-18 10:58:21,008:INFO:platform: Windows-10-10.0.19043-SP0
2022-04-18 10:58:21,009:INFO:Memory: svmem(total=17086570496, available=11618623488, percent=32.0, used=5467947008, free=11618623488)
2022-04-18 10:58:21,009:INFO:Physical Core: 2
2022-04-18 10:58:21,010:INFO:Logical Core: 4
2022-04-18 10:58:21,010:INFO:Checking libraries
2022-04-18 10:58:21,010:INFO:pd==1.3.4
2022-04-18 10:58:21,010:INFO:numpy==1.20.3
2022-04-18 10:58:21,010:INFO:sklearn==1.0.2
2022-04-18 10:58:21,106:INFO:xgboost==1.5.2
2022-04-18 10:58:21,106:INFO:lightgbm==3.3.2
2022-04-18 10:58:21,494:INFO:catboost==1.0.5
2022-04-18 10:58:22,763:INFO:mlflow==1.25.1
2022-04-18 10:58:22,764:INFO:Checking Exceptions
2022-04-18 10:58:22,764:INFO:Declaring global variables
2022-04-18 10:58:22,764:INFO:USI: 8763
2022-04-18 10:58:22,764:INFO:pycaret_globals: {'log_plots_param', 'iterative_imputation_iters_param', 'fold_groups_param', 'stratify_param', '_gpu_n_jobs_param', 'transform_target_param', 'y', 'display_container', 'imputation_regressor', 'X_train', '_all_models', 'X', 'logging_param', 'X_test', 'y_train', 'fix_imbalance_method_param', 'gpu_param', '_all_metrics', '_internal_pipeline', 'seed', 'transform_target_method_param', 'exp_name_log', 'master_model_container', 'html_param', '_all_models_internal', 'USI', 'fold_shuffle_param', 'n_jobs_param', 'experiment__', 'create_model_container', 'target_param', 'fix_imbalance_param', '_ml_usecase', 'imputation_classifier', 'fold_generator', 'pycaret_globals', 'fold_param', '_available_plots', 'y_test', 'prep_pipe', 'data_before_preprocess'}
2022-04-18 10:58:22,764:INFO:Preparing display monitor
2022-04-18 10:58:22,764:INFO:Preparing display monitor
2022-04-18 10:58:22,785:INFO:Importing libraries
2022-04-18 10:58:22,785:INFO:Copying data for preprocessing
2022-04-18 10:58:22,801:INFO:Declaring preprocessing parameters
2022-04-18 10:58:22,804:INFO:Creating preprocessing pipeline
2022-04-18 10:58:22,826:INFO:Preprocessing pipeline created successfully
2022-04-18 10:58:22,834:ERROR:(Process Exit): setup has been interupted with user command 'quit'. setup must rerun.
2022-04-18 10:58:22,834:INFO:Creating global containers
2022-04-18 10:58:22,836:INFO:Internal pipeline: Pipeline(memory=None, steps=[('empty_step', 'passthrough')], verbose=False)
2022-04-18 10:58:26,168:INFO:Creating grid variables
2022-04-18 10:58:26,215:INFO:create_model_container: 0
2022-04-18 10:58:26,216:INFO:master_model_container: 0
2022-04-18 10:58:26,216:INFO:display_container: 0
